2021-06-27 00:03:22.598  INFO 5392 --- [main] com.example.hellojd.HellojdApplication   : Starting HellojdApplication using Java 15.0.2 on zlzr200599 with PID 5392 (D:\Lab\hellojd\target\classes started by zlzr200599 in D:\Lab\hellojd)
2021-06-27 00:03:22.605  INFO 5392 --- [main] com.example.hellojd.HellojdApplication   : No active profile set, falling back to default profiles: default
2021-06-27 00:03:23.692  INFO 5392 --- [main] o.s.b.w.embedded.tomcat.TomcatWebServer  : Tomcat initialized with port(s): 8080 (http)
2021-06-27 00:03:23.709  INFO 5392 --- [main] o.apache.catalina.core.StandardService   : Starting service [Tomcat]
2021-06-27 00:03:23.709  INFO 5392 --- [main] org.apache.catalina.core.StandardEngine  : Starting Servlet engine: [Apache Tomcat/9.0.46]
2021-06-27 00:03:23.888  INFO 5392 --- [main] o.a.c.c.C.[Tomcat].[localhost].[/]       : Initializing Spring embedded WebApplicationContext
2021-06-27 00:03:23.889  INFO 5392 --- [main] w.s.c.ServletWebServerApplicationContext : Root WebApplicationContext: initialization completed in 1211 ms
2021-06-27 00:03:23.955  INFO 5392 --- [main] c.e.hellojd.logistics.LogisticsDataset   : collect
2021-06-27 00:03:23.955  INFO 5392 --- [main] c.e.hellojd.logistics.LogisticsDataset   : route
2021-06-27 00:03:23.955  INFO 5392 --- [main] c.e.hellojd.logistics.LogisticsDataset   : dispatch
2021-06-27 00:03:47.903  INFO 5392 --- [main] o.s.b.w.embedded.tomcat.TomcatWebServer  : Tomcat started on port(s): 8080 (http) with context path ''
2021-06-27 00:03:47.917  INFO 5392 --- [main] com.example.hellojd.HellojdApplication   : Started HellojdApplication in 25.833 seconds (JVM running for 26.942)
2021-06-27 00:03:47.918  INFO 5392 --- [main] o.s.b.a.ApplicationAvailabilityBean      : Application availability state LivenessState changed to CORRECT
2021-06-27 00:03:47.920  INFO 5392 --- [main] o.s.b.a.ApplicationAvailabilityBean      : Application availability state ReadinessState changed to ACCEPTING_TRAFFIC
2021-06-27 00:05:36.886  INFO 5392 --- [http-nio-8080-exec-1] o.a.c.c.C.[Tomcat].[localhost].[/]       : Initializing Spring DispatcherServlet 'dispatcherServlet'
2021-06-27 00:05:36.887  INFO 5392 --- [http-nio-8080-exec-1] o.s.web.servlet.DispatcherServlet        : Initializing Servlet 'dispatcherServlet'
2021-06-27 00:05:36.890  INFO 5392 --- [http-nio-8080-exec-1] o.s.web.servlet.DispatcherServlet        : Completed initialization in 2 ms
2021-06-27 13:58:52.117  INFO 6648 --- [main] com.example.hellojd.HellojdApplication   : Starting HellojdApplication using Java 15.0.2 on zlzr200599 with PID 6648 (D:\Lab\hellojd\target\classes started by zlzr200599 in D:\Lab\hellojd)
2021-06-27 13:58:52.121  INFO 6648 --- [main] com.example.hellojd.HellojdApplication   : No active profile set, falling back to default profiles: default
2021-06-27 13:58:53.136  INFO 6648 --- [main] o.s.b.w.embedded.tomcat.TomcatWebServer  : Tomcat initialized with port(s): 8080 (http)
2021-06-27 13:58:53.148  INFO 6648 --- [main] o.apache.catalina.core.StandardService   : Starting service [Tomcat]
2021-06-27 13:58:53.148  INFO 6648 --- [main] org.apache.catalina.core.StandardEngine  : Starting Servlet engine: [Apache Tomcat/9.0.46]
2021-06-27 13:58:53.327  INFO 6648 --- [main] o.a.c.c.C.[Tomcat].[localhost].[/]       : Initializing Spring embedded WebApplicationContext
2021-06-27 13:58:53.327  INFO 6648 --- [main] w.s.c.ServletWebServerApplicationContext : Root WebApplicationContext: initialization completed in 1144 ms
2021-06-27 13:58:53.385  INFO 6648 --- [main] c.e.hellojd.logistics.LogisticsDataset   : collect
2021-06-27 13:58:53.385  INFO 6648 --- [main] c.e.hellojd.logistics.LogisticsDataset   : route
2021-06-27 13:58:53.385  INFO 6648 --- [main] c.e.hellojd.logistics.LogisticsDataset   : dispatch
2021-06-27 13:59:30.105  INFO 6648 --- [main] o.s.b.w.embedded.tomcat.TomcatWebServer  : Tomcat started on port(s): 8080 (http) with context path ''
2021-06-27 13:59:30.133  INFO 6648 --- [main] com.example.hellojd.HellojdApplication   : Started HellojdApplication in 38.513 seconds (JVM running for 39.629)
2021-06-27 13:59:30.137  INFO 6648 --- [main] o.s.b.a.ApplicationAvailabilityBean      : Application availability state LivenessState changed to CORRECT
2021-06-27 13:59:30.142  INFO 6648 --- [main] o.s.b.a.ApplicationAvailabilityBean      : Application availability state ReadinessState changed to ACCEPTING_TRAFFIC
2021-06-27 14:02:00.775  INFO 6648 --- [http-nio-8080-exec-1] o.a.c.c.C.[Tomcat].[localhost].[/]       : Initializing Spring DispatcherServlet 'dispatcherServlet'
2021-06-27 14:02:00.775  INFO 6648 --- [http-nio-8080-exec-1] o.s.web.servlet.DispatcherServlet        : Initializing Servlet 'dispatcherServlet'
2021-06-27 14:02:00.777  INFO 6648 --- [http-nio-8080-exec-1] o.s.web.servlet.DispatcherServlet        : Completed initialization in 2 ms
